[INFO  - 2016-07-28T04:28:39.479Z] GhostDriver - Main - running on port 34269
[INFO  - 2016-07-28T04:28:39.873Z] Session [c249b5e0-547b-11e6-89a3-17418dcba0fa] - page.settings - {"XSSAuditingEnabled":false,"javascriptCanCloseWindows":true,"javascriptCanOpenWindows":true,"javascriptEnabled":true,"loadImages":true,"localToRemoteUrlAccessEnabled":false,"userAgent":"","webSecurityEnabled":true}
[INFO  - 2016-07-28T04:28:39.873Z] Session [c249b5e0-547b-11e6-89a3-17418dcba0fa] - page.customHeaders:  - {}
[INFO  - 2016-07-28T04:28:39.873Z] Session [c249b5e0-547b-11e6-89a3-17418dcba0fa] - Session.negotiatedCapabilities - {"browserName":"phantomjs","version":"1.9.8","driverName":"ghostdriver","driverVersion":"1.1.0","platform":"mac-unknown-32bit","javascriptEnabled":true,"takesScreenshot":true,"handlesAlerts":false,"databaseEnabled":false,"locationContextEnabled":false,"applicationCacheEnabled":false,"browserConnectionEnabled":false,"cssSelectorsEnabled":true,"webStorageEnabled":false,"rotatable":false,"acceptSslCerts":false,"nativeEvents":true,"proxy":{"proxyType":"direct"},"phantomjs.page.settings.userAgent":""}
[INFO  - 2016-07-28T04:28:39.873Z] SessionManagerReqHand - _postNewSessionCommand - New Session Created: c249b5e0-547b-11e6-89a3-17418dcba0fa
[ERROR - 2016-07-28T04:28:40.948Z] WebElementLocator - _handleLocateCommand - Element(s) NOT Found: GAVE UP. Search Stop Time: 1469680120890
[ERROR - 2016-07-28T04:28:43.541Z] WebElementLocator - _handleLocateCommand - Element(s) NOT Found: GAVE UP. Search Stop Time: 1469680122253
[INFO  - 2016-07-28T04:32:32.135Z] GhostDriver - Main - running on port 48347
[INFO  - 2016-07-28T04:32:32.518Z] Session [4cf48530-547c-11e6-882e-b1c5670e4692] - page.settings - {"XSSAuditingEnabled":false,"javascriptCanCloseWindows":true,"javascriptCanOpenWindows":true,"javascriptEnabled":true,"loadImages":true,"localToRemoteUrlAccessEnabled":false,"userAgent":"","webSecurityEnabled":true}
[INFO  - 2016-07-28T04:32:32.518Z] Session [4cf48530-547c-11e6-882e-b1c5670e4692] - page.customHeaders:  - {}
[INFO  - 2016-07-28T04:32:32.518Z] Session [4cf48530-547c-11e6-882e-b1c5670e4692] - Session.negotiatedCapabilities - {"browserName":"phantomjs","version":"1.9.8","driverName":"ghostdriver","driverVersion":"1.1.0","platform":"mac-unknown-32bit","javascriptEnabled":true,"takesScreenshot":true,"handlesAlerts":false,"databaseEnabled":false,"locationContextEnabled":false,"applicationCacheEnabled":false,"browserConnectionEnabled":false,"cssSelectorsEnabled":true,"webStorageEnabled":false,"rotatable":false,"acceptSslCerts":false,"nativeEvents":true,"proxy":{"proxyType":"direct"},"phantomjs.page.settings.userAgent":""}
[INFO  - 2016-07-28T04:32:32.518Z] SessionManagerReqHand - _postNewSessionCommand - New Session Created: 4cf48530-547c-11e6-882e-b1c5670e4692
[ERROR - 2016-07-28T04:32:33.391Z] WebElementLocator - _handleLocateCommand - Element(s) NOT Found: GAVE UP. Search Stop Time: 1469680353328
[ERROR - 2016-07-28T04:32:36.248Z] WebElementLocator - _handleLocateCommand - Element(s) NOT Found: GAVE UP. Search Stop Time: 1469680356203
[INFO  - 2016-07-28T04:32:43.815Z] GhostDriver - Main - running on port 29287
[INFO  - 2016-07-28T04:32:44.081Z] Session [53d8bdd0-547c-11e6-a213-45f6e5d89c2c] - page.settings - {"XSSAuditingEnabled":false,"javascriptCanCloseWindows":true,"javascriptCanOpenWindows":true,"javascriptEnabled":true,"loadImages":true,"localToRemoteUrlAccessEnabled":false,"userAgent":"Mozilla/5.0 (X11; Linux x86_64) AppleWebKit/535.2 (KHTML, like Gecko) Ubuntu/11.04 Chromium/15.0.871.0 Chrome/15.0.871.0 Safari/535.2","webSecurityEnabled":true}
[INFO  - 2016-07-28T04:32:44.081Z] Session [53d8bdd0-547c-11e6-a213-45f6e5d89c2c] - page.customHeaders:  - {}
[INFO  - 2016-07-28T04:32:44.081Z] Session [53d8bdd0-547c-11e6-a213-45f6e5d89c2c] - Session.negotiatedCapabilities - {"browserName":"phantomjs","version":"1.9.8","driverName":"ghostdriver","driverVersion":"1.1.0","platform":"mac-unknown-32bit","javascriptEnabled":true,"takesScreenshot":true,"handlesAlerts":false,"databaseEnabled":false,"locationContextEnabled":false,"applicationCacheEnabled":false,"browserConnectionEnabled":false,"cssSelectorsEnabled":true,"webStorageEnabled":false,"rotatable":false,"acceptSslCerts":false,"nativeEvents":true,"proxy":{"proxyType":"direct"},"phantomjs.page.settings.userAgent":"Mozilla/5.0 (X11; Linux x86_64) AppleWebKit/535.2 (KHTML, like Gecko) Ubuntu/11.04 Chromium/15.0.871.0 Chrome/15.0.871.0 Safari/535.2"}
[INFO  - 2016-07-28T04:32:44.081Z] SessionManagerReqHand - _postNewSessionCommand - New Session Created: 53d8bdd0-547c-11e6-a213-45f6e5d89c2c
[INFO  - 2016-07-28T04:33:19.754Z] GhostDriver - Main - running on port 37098
[INFO  - 2016-07-28T04:33:20.173Z] Session [695c18a0-547c-11e6-83bb-659ad24b67ba] - page.settings - {"XSSAuditingEnabled":false,"javascriptCanCloseWindows":true,"javascriptCanOpenWindows":true,"javascriptEnabled":true,"loadImages":true,"localToRemoteUrlAccessEnabled":false,"userAgent":"","webSecurityEnabled":true}
[INFO  - 2016-07-28T04:33:20.173Z] Session [695c18a0-547c-11e6-83bb-659ad24b67ba] - page.customHeaders:  - {}
[INFO  - 2016-07-28T04:33:20.173Z] Session [695c18a0-547c-11e6-83bb-659ad24b67ba] - Session.negotiatedCapabilities - {"browserName":"phantomjs","version":"1.9.8","driverName":"ghostdriver","driverVersion":"1.1.0","platform":"mac-unknown-32bit","javascriptEnabled":true,"takesScreenshot":true,"handlesAlerts":false,"databaseEnabled":false,"locationContextEnabled":false,"applicationCacheEnabled":false,"browserConnectionEnabled":false,"cssSelectorsEnabled":true,"webStorageEnabled":false,"rotatable":false,"acceptSslCerts":false,"nativeEvents":true,"proxy":{"proxyType":"direct"},"phantomjs.page.settings.userAgent":""}
[INFO  - 2016-07-28T04:33:20.173Z] SessionManagerReqHand - _postNewSessionCommand - New Session Created: 695c18a0-547c-11e6-83bb-659ad24b67ba
[ERROR - 2016-07-28T04:33:21.059Z] WebElementLocator - _handleLocateCommand - Element(s) NOT Found: GAVE UP. Search Stop Time: 1469680401000
[ERROR - 2016-07-28T04:33:23.651Z] WebElementLocator - _handleLocateCommand - Element(s) NOT Found: GAVE UP. Search Stop Time: 1469680402370
[ERROR - 2016-07-28T04:33:24.554Z] WebElementLocator - _handleLocateCommand - Element(s) NOT Found: GAVE UP. Search Stop Time: 1469680404495
[ERROR - 2016-07-28T04:33:25.444Z] WebElementLocator - _handleLocateCommand - Element(s) NOT Found: GAVE UP. Search Stop Time: 1469680405384
[ERROR - 2016-07-28T04:33:26.314Z] WebElementLocator - _handleLocateCommand - Element(s) NOT Found: GAVE UP. Search Stop Time: 1469680406282
